Performing C SOURCE FILE Test CMAKE_HAVE_LIBC_PTHREAD failed with the following output:
Change Dir: D:/Projects/CppLab/cmake-build-debug/CMakeFiles/CMakeTmp

Run Build Command(s):C:/Program Files/JetBrains/CLion 2022.3.3/bin/ninja/win/x64/ninja.exe cmTC_780a4 && [1/2] Building C object CMakeFiles\cmTC_780a4.dir\src.c.obj
FAILED: CMakeFiles/cmTC_780a4.dir/src.c.obj 
C:\PROGRA~1\MICROS~3\2022\COMMUN~1\VC\Tools\MSVC\1435~1.322\bin\Hostx86\x86\cl.exe  /nologo -DCMAKE_HAVE_LIBC_PTHREAD  /DWIN32 /D_WINDOWS  /Zi /Ob0 /Od /RTC1 -MDd /showIncludes /FoCMakeFiles\cmTC_780a4.dir\src.c.obj /FdCMakeFiles\cmTC_780a4.dir\ /FS -c D:\Projects\CppLab\cmake-build-debug\CMakeFiles\CMakeTmp\src.c
D:\Projects\CppLab\cmake-build-debug\CMakeFiles\CMakeTmp\src.c(1): fatal error C1083: Cannot open include file: 'pthread.h': No such file or directory
ninja: build stopped: subcommand failed.


Source file was:
#include <pthread.h>

static void* test_func(void* data)
{
  return data;
}

int main(void)
{
  pthread_t thread;
  pthread_create(&thread, NULL, test_func, NULL);
  pthread_detach(thread);
  pthread_cancel(thread);
  pthread_join(thread, NULL);
  pthread_atfork(NULL, NULL, NULL);
  pthread_exit(NULL);

  return 0;
}

Determining if the function pthread_create exists in the pthreads failed with the following output:
Change Dir: D:/Projects/CppLab/cmake-build-debug/CMakeFiles/CMakeTmp

Run Build Command(s):C:/Program Files/JetBrains/CLion 2022.3.3/bin/ninja/win/x64/ninja.exe cmTC_e0aa4 && [1/2] Building C object CMakeFiles\cmTC_e0aa4.dir\CheckFunctionExists.c.obj
[2/2] Linking C executable cmTC_e0aa4.exe
FAILED: cmTC_e0aa4.exe 
cmd.exe /C "cd . && "C:\Program Files\JetBrains\CLion 2022.3.3\bin\cmake\win\x64\bin\cmake.exe" -E vs_link_exe --intdir=CMakeFiles\cmTC_e0aa4.dir --rc=C:\PROGRA~2\WI3CF2~1\10\bin\100220~1.0\x86\rc.exe --mt=C:\PROGRA~2\WI3CF2~1\10\bin\100220~1.0\x86\mt.exe --manifests  -- C:\PROGRA~1\MICROS~3\2022\COMMUN~1\VC\Tools\MSVC\1435~1.322\bin\Hostx86\x86\link.exe /nologo CMakeFiles\cmTC_e0aa4.dir\CheckFunctionExists.c.obj  /out:cmTC_e0aa4.exe /implib:cmTC_e0aa4.lib /pdb:cmTC_e0aa4.pdb /version:0.0 /machine:X86  /debug /INCREMENTAL /subsystem:console  pthreads.lib  kernel32.lib user32.lib gdi32.lib winspool.lib shell32.lib ole32.lib oleaut32.lib uuid.lib comdlg32.lib advapi32.lib && cd ."
LINK Pass 1: command "C:\PROGRA~1\MICROS~3\2022\COMMUN~1\VC\Tools\MSVC\1435~1.322\bin\Hostx86\x86\link.exe /nologo CMakeFiles\cmTC_e0aa4.dir\CheckFunctionExists.c.obj /out:cmTC_e0aa4.exe /implib:cmTC_e0aa4.lib /pdb:cmTC_e0aa4.pdb /version:0.0 /machine:X86 /debug /INCREMENTAL /subsystem:console pthreads.lib kernel32.lib user32.lib gdi32.lib winspool.lib shell32.lib ole32.lib oleaut32.lib uuid.lib comdlg32.lib advapi32.lib /MANIFEST /MANIFESTFILE:CMakeFiles\cmTC_e0aa4.dir/intermediate.manifest CMakeFiles\cmTC_e0aa4.dir/manifest.res" failed (exit code 1104) with the following output:
LINK : fatal error LNK1104: cannot open file 'pthreads.lib'
ninja: build stopped: subcommand failed.



Determining if the function pthread_create exists in the pthread failed with the following output:
Change Dir: D:/Projects/CppLab/cmake-build-debug/CMakeFiles/CMakeTmp

Run Build Command(s):C:/Program Files/JetBrains/CLion 2022.3.3/bin/ninja/win/x64/ninja.exe cmTC_68c04 && [1/2] Building C object CMakeFiles\cmTC_68c04.dir\CheckFunctionExists.c.obj
[2/2] Linking C executable cmTC_68c04.exe
FAILED: cmTC_68c04.exe 
cmd.exe /C "cd . && "C:\Program Files\JetBrains\CLion 2022.3.3\bin\cmake\win\x64\bin\cmake.exe" -E vs_link_exe --intdir=CMakeFiles\cmTC_68c04.dir --rc=C:\PROGRA~2\WI3CF2~1\10\bin\100220~1.0\x86\rc.exe --mt=C:\PROGRA~2\WI3CF2~1\10\bin\100220~1.0\x86\mt.exe --manifests  -- C:\PROGRA~1\MICROS~3\2022\COMMUN~1\VC\Tools\MSVC\1435~1.322\bin\Hostx86\x86\link.exe /nologo CMakeFiles\cmTC_68c04.dir\CheckFunctionExists.c.obj  /out:cmTC_68c04.exe /implib:cmTC_68c04.lib /pdb:cmTC_68c04.pdb /version:0.0 /machine:X86  /debug /INCREMENTAL /subsystem:console  pthread.lib  kernel32.lib user32.lib gdi32.lib winspool.lib shell32.lib ole32.lib oleaut32.lib uuid.lib comdlg32.lib advapi32.lib && cd ."
LINK Pass 1: command "C:\PROGRA~1\MICROS~3\2022\COMMUN~1\VC\Tools\MSVC\1435~1.322\bin\Hostx86\x86\link.exe /nologo CMakeFiles\cmTC_68c04.dir\CheckFunctionExists.c.obj /out:cmTC_68c04.exe /implib:cmTC_68c04.lib /pdb:cmTC_68c04.pdb /version:0.0 /machine:X86 /debug /INCREMENTAL /subsystem:console pthread.lib kernel32.lib user32.lib gdi32.lib winspool.lib shell32.lib ole32.lib oleaut32.lib uuid.lib comdlg32.lib advapi32.lib /MANIFEST /MANIFESTFILE:CMakeFiles\cmTC_68c04.dir/intermediate.manifest CMakeFiles\cmTC_68c04.dir/manifest.res" failed (exit code 1104) with the following output:
LINK : fatal error LNK1104: cannot open file 'pthread.lib'
ninja: build stopped: subcommand failed.



